c:\users\martin\workspace\master_thesis\code\cpp\x64-v120-release\module.obj
c:\users\martin\workspace\master_thesis\code\cpp\x64-v120-release\instance.obj
c:\users\martin\workspace\master_thesis\code\cpp\x64-v120-release\schedulingdecompalgo.obj
c:\users\martin\workspace\master_thesis\code\cpp\x64-v120-release\py_int.obj
c:\users\martin\workspace\master_thesis\code\cpp\x64-v120-release\py_object.obj
c:\users\martin\workspace\master_thesis\code\cpp\x64-v120-release\py_string.obj
c:\users\martin\workspace\master_thesis\code\cpp\x64-v120-release\py_utils.obj
c:\users\martin\workspace\master_thesis\code\cpp\x64-v120-release\py_shared_ptr.obj
c:\users\martin\workspace\master_thesis\code\cpp\x64-v120-release\schedulingdecompapp.obj
c:\users\martin\workspace\master_thesis\code\cpp\x64-v120-release\schedulingdecompappexportsolution.obj
c:\users\martin\workspace\master_thesis\code\cpp\x64-v120-release\utils.obj
c:\users\martin\workspace\master_thesis\code\cpp\x64-v120-release\vc120.pdb
c:\users\martin\workspace\master_thesis\code\x64-v120-release\scheduling_cpp.pyd
c:\users\martin\workspace\master_thesis\code\x64-v120-release\scheduling_cpp.pdb
c:\users\martin\workspace\master_thesis\code\x64-v120-release\scheduling_cpp.lib
c:\users\martin\workspace\master_thesis\code\x64-v120-release\scheduling_cpp.exp
c:\users\martin\workspace\master_thesis\code\cpp\x64-v120-release\instancebuild.cu.cache
c:\users\martin\workspace\master_thesis\code\cpp\x64-v120-release\instancebuild.cu.obj
c:\users\martin\workspace\master_thesis\code\cpp\x64-v120-release\scheduling_cpp.tlog\cl.command.1.tlog
c:\users\martin\workspace\master_thesis\code\cpp\x64-v120-release\scheduling_cpp.tlog\cl.read.1.tlog
c:\users\martin\workspace\master_thesis\code\cpp\x64-v120-release\scheduling_cpp.tlog\cl.write.1.tlog
c:\users\martin\workspace\master_thesis\code\cpp\x64-v120-release\scheduling_cpp.tlog\link.command.1.tlog
c:\users\martin\workspace\master_thesis\code\cpp\x64-v120-release\scheduling_cpp.tlog\link.read.1.tlog
c:\users\martin\workspace\master_thesis\code\cpp\x64-v120-release\scheduling_cpp.tlog\link.write.1.tlog
c:\users\martin\workspace\master_thesis\code\cpp\x64-v120-release\scheduling_cpp.tlog\scheduling_cpp.write.1u.tlog
